0 info it worked if it ends with ok
1 verbose cli [ 'node', '/usr/local/bin/npm', 'install', '-g', 'bower' ]
2 info using npm@1.2.21
3 info using node@v0.10.7
4 verbose read json /usr/local/lib/package.json
5 verbose read json /usr/local/lib/package.json
6 verbose cache add [ 'bower', null ]
7 verbose cache add name=undefined spec="bower" args=["bower",null]
8 verbose parsed url { protocol: null,
8 verbose parsed url   slashes: null,
8 verbose parsed url   auth: null,
8 verbose parsed url   host: null,
8 verbose parsed url   port: null,
8 verbose parsed url   hostname: null,
8 verbose parsed url   hash: null,
8 verbose parsed url   search: null,
8 verbose parsed url   query: null,
8 verbose parsed url   pathname: 'bower',
8 verbose parsed url   path: 'bower',
8 verbose parsed url   href: 'bower' }
9 silly lockFile 206e3ce5-bower bower
10 verbose lock bower /Users/rrv439/.npm/206e3ce5-bower.lock
11 silly lockFile 206e3ce5-bower bower
12 silly lockFile 206e3ce5-bower bower
13 verbose addNamed [ 'bower', '' ]
14 verbose addNamed [ null, '' ]
15 silly lockFile 1240aab1-bower bower@
16 verbose lock bower@ /Users/rrv439/.npm/1240aab1-bower.lock
17 silly addNameRange { name: 'bower', range: '', hasData: false }
18 verbose url raw bower
19 verbose url resolving [ 'https://registry.npmjs.org/', './bower' ]
20 verbose url resolved https://registry.npmjs.org/bower
21 info trying registry request attempt 1 at 13:39:55
22 http GET https://registry.npmjs.org/bower
23 http 200 https://registry.npmjs.org/bower
24 silly registry.get cb [ 200,
24 silly registry.get   { vary: 'Accept',
24 silly registry.get     server: 'CouchDB/1.3.1 (Erlang OTP/R15B03)',
24 silly registry.get     etag: '"7VG0LXJRJRWK3SJBXV2YINGMK"',
24 silly registry.get     date: 'Wed, 04 Sep 2013 18:39:57 GMT',
24 silly registry.get     'content-type': 'application/json',
24 silly registry.get     'content-length': '625931' } ]
25 silly addNameRange number 2 { name: 'bower', range: '', hasData: true }
26 silly addNameRange versions [ 'bower',
26 silly addNameRange   [ '0.1.0',
26 silly addNameRange     '0.1.2',
26 silly addNameRange     '0.1.3',
26 silly addNameRange     '0.2.0',
26 silly addNameRange     '0.3.0',
26 silly addNameRange     '0.3.1',
26 silly addNameRange     '0.3.2',
26 silly addNameRange     '0.4.0',
26 silly addNameRange     '0.5.0',
26 silly addNameRange     '0.5.1',
26 silly addNameRange     '0.6.0',
26 silly addNameRange     '0.6.1',
26 silly addNameRange     '0.6.2',
26 silly addNameRange     '0.6.3',
26 silly addNameRange     '0.6.4',
26 silly addNameRange     '0.6.5',
26 silly addNameRange     '0.6.6',
26 silly addNameRange     '0.6.7',
26 silly addNameRange     '0.6.8',
26 silly addNameRange     '0.7.0',
26 silly addNameRange     '0.7.1',
26 silly addNameRange     '0.8.0',
26 silly addNameRange     '0.8.1',
26 silly addNameRange     '0.8.2',
26 silly addNameRange     '0.8.3',
26 silly addNameRange     '0.8.4',
26 silly addNameRange     '0.8.5',
26 silly addNameRange     '0.8.6',
26 silly addNameRange     '0.9.0',
26 silly addNameRange     '0.9.1',
26 silly addNameRange     '0.9.2',
26 silly addNameRange     '0.10.0',
26 silly addNameRange     '1.0.0',
26 silly addNameRange     '1.0.1',
26 silly addNameRange     '1.0.2',
26 silly addNameRange     '1.0.3',
26 silly addNameRange     '1.1.0',
26 silly addNameRange     '1.1.1',
26 silly addNameRange     '1.1.2',
26 silly addNameRange     '1.2.0',
26 silly addNameRange     '1.2.1',
26 silly addNameRange     '1.2.2',
26 silly addNameRange     '1.2.3',
26 silly addNameRange     '1.2.4',
26 silly addNameRange     '1.2.5',
26 silly addNameRange     '1.2.6' ] ]
27 verbose addNamed [ 'bower', '1.2.6' ]
28 verbose addNamed [ '1.2.6', '1.2.6' ]
29 silly lockFile 0ffe99e1-bower-1-2-6 bower@1.2.6
30 verbose lock bower@1.2.6 /Users/rrv439/.npm/0ffe99e1-bower-1-2-6.lock
31 silly lockFile 6ada2e9f--npmjs-org-bower-bower-1-2-6-tgz https://registry.npmjs.org/bower/-/bower-1.2.6.tgz
32 verbose lock https://registry.npmjs.org/bower/-/bower-1.2.6.tgz /Users/rrv439/.npm/6ada2e9f--npmjs-org-bower-bower-1-2-6-tgz.lock
33 verbose addRemoteTarball [ 'https://registry.npmjs.org/bower/-/bower-1.2.6.tgz',
33 verbose addRemoteTarball   'a8b7bd344601554821957b9ab62fb436febc674d' ]
34 info retry fetch attempt 1 at 13:39:56
35 verbose fetch to= /var/folders/gl/byd4r3v55c18dgzbxhrfhxkdydgsml/T/npm-3622/1378319996397-0.04046661616303027/tmp.tgz
36 http GET https://registry.npmjs.org/bower/-/bower-1.2.6.tgz
37 http 200 https://registry.npmjs.org/bower/-/bower-1.2.6.tgz
38 verbose tar unpack /var/folders/gl/byd4r3v55c18dgzbxhrfhxkdydgsml/T/npm-3622/1378319996397-0.04046661616303027/tmp.tgz
39 silly lockFile d15484bb-6397-0-04046661616303027-package /var/folders/gl/byd4r3v55c18dgzbxhrfhxkdydgsml/T/npm-3622/1378319996397-0.04046661616303027/package
40 verbose lock /var/folders/gl/byd4r3v55c18dgzbxhrfhxkdydgsml/T/npm-3622/1378319996397-0.04046661616303027/package /Users/rrv439/.npm/d15484bb-6397-0-04046661616303027-package.lock
41 silly lockFile a726ce93-6397-0-04046661616303027-tmp-tgz /var/folders/gl/byd4r3v55c18dgzbxhrfhxkdydgsml/T/npm-3622/1378319996397-0.04046661616303027/tmp.tgz
42 verbose lock /var/folders/gl/byd4r3v55c18dgzbxhrfhxkdydgsml/T/npm-3622/1378319996397-0.04046661616303027/tmp.tgz /Users/rrv439/.npm/a726ce93-6397-0-04046661616303027-tmp-tgz.lock
43 silly gunzTarPerm modes [ '755', '644' ]
44 silly gunzTarPerm extractEntry package.json
45 silly gunzTarPerm extractEntry .npmignore
46 silly gunzTarPerm extractEntry README.md
47 silly gunzTarPerm extractEntry LICENSE
48 silly gunzTarPerm extractEntry Gruntfile.js
49 silly gunzTarPerm extractEntry CONTRIBUTING.md
50 silly gunzTarPerm extractEntry .editorconfig
51 silly gunzTarPerm extractEntry .jshintrc
52 silly gunzTarPerm extractEntry .travis.yml
53 silly gunzTarPerm extractEntry bin/bower
54 silly gunzTarPerm extractEntry lib/config.js
55 silly gunzTarPerm extractEntry lib/index.js
56 silly gunzTarPerm extractEntry lib/commands/update.js
57 silly gunzTarPerm extractEntry lib/commands/index.js
58 silly gunzTarPerm extractEntry lib/commands/info.js
59 silly gunzTarPerm extractEntry lib/commands/init.js
60 silly gunzTarPerm extractEntry lib/commands/install.js
61 silly gunzTarPerm extractEntry lib/commands/home.js
62 silly gunzTarPerm extractEntry lib/commands/list.js
63 silly gunzTarPerm extractEntry lib/commands/lookup.js
64 silly gunzTarPerm extractEntry lib/commands/prune.js
65 silly gunzTarPerm extractEntry lib/commands/register.js
66 silly gunzTarPerm extractEntry lib/commands/search.js
67 silly gunzTarPerm extractEntry lib/commands/help.js
68 silly gunzTarPerm extractEntry lib/commands/uninstall.js
69 silly gunzTarPerm extractEntry lib/commands/completion.js
70 silly gunzTarPerm extractEntry lib/commands/link.js
71 silly gunzTarPerm extractEntry lib/commands/cache/clean.js
72 silly gunzTarPerm extractEntry lib/commands/cache/index.js
73 silly gunzTarPerm extractEntry lib/commands/cache/list.js
74 silly gunzTarPerm extractEntry lib/core/Manager.js
75 silly gunzTarPerm extractEntry lib/core/PackageRepository.js
76 silly gunzTarPerm extractEntry lib/core/Project.js
77 silly gunzTarPerm extractEntry lib/core/ResolveCache.js
78 silly gunzTarPerm extractEntry lib/core/resolverFactory.js
79 silly gunzTarPerm extractEntry lib/core/resolvers/FsResolver.js
80 silly gunzTarPerm extractEntry lib/core/resolvers/GitFsResolver.js
81 silly gunzTarPerm extractEntry lib/core/resolvers/GitHubResolver.js
82 silly gunzTarPerm extractEntry lib/core/resolvers/GitRemoteResolver.js
83 silly gunzTarPerm extractEntry lib/core/resolvers/GitResolver.js
84 silly gunzTarPerm extractEntry lib/core/resolvers/Resolver.js
85 silly gunzTarPerm extractEntry lib/core/resolvers/UrlResolver.js
86 silly gunzTarPerm extractEntry lib/core/resolvers/index.js
87 silly gunzTarPerm extractEntry lib/renderers/JsonRenderer.js
88 silly gunzTarPerm extractEntry lib/renderers/StandardRenderer.js
89 silly gunzTarPerm extractEntry lib/renderers/index.js
90 silly gunzTarPerm extractEntry lib/util/cli.js
91 silly gunzTarPerm extractEntry lib/util/createError.js
92 silly gunzTarPerm extractEntry lib/util/createLink.js
93 silly gunzTarPerm extractEntry lib/util/download.js
94 silly gunzTarPerm extractEntry lib/util/extract.js
95 silly gunzTarPerm extractEntry lib/util/copy.js
96 silly gunzTarPerm extractEntry lib/util/readJson.js
97 silly gunzTarPerm extractEntry lib/util/removeIgnores.js
98 silly gunzTarPerm extractEntry lib/util/rootCheck.js
99 silly gunzTarPerm extractEntry lib/util/semver.js
100 silly gunzTarPerm extractEntry lib/util/template.js
101 silly gunzTarPerm extractEntry lib/util/cmd.js
102 silly gunzTarPerm extractEntry lib/util/validLink.js
103 silly gunzTarPerm extractEntry lib/util/md5.js
104 silly gunzTarPerm extractEntry CHANGELOG.md
105 silly gunzTarPerm extractEntry templates/helpers/colors.js
106 silly gunzTarPerm extractEntry templates/helpers/condense.js
107 silly gunzTarPerm extractEntry templates/helpers/indent.js
108 silly gunzTarPerm extractEntry templates/helpers/index.js
109 silly gunzTarPerm extractEntry templates/helpers/rpad.js
110 silly gunzTarPerm extractEntry templates/helpers/sum.js
111 silly gunzTarPerm extractEntry templates/json/help-list.json
112 silly gunzTarPerm extractEntry templates/json/help-cache/clean.json
113 silly gunzTarPerm extractEntry templates/json/help-cache/list.json
114 silly gunzTarPerm extractEntry templates/json/help-home.json
115 silly gunzTarPerm extractEntry templates/json/help-info.json
116 silly gunzTarPerm extractEntry templates/json/help-init.json
117 silly gunzTarPerm extractEntry templates/json/help-install.json
118 silly gunzTarPerm extractEntry templates/json/help-link.json
119 silly gunzTarPerm extractEntry templates/json/help-cache.json
120 silly gunzTarPerm extractEntry templates/json/help-lookup.json
121 silly gunzTarPerm extractEntry templates/json/help-prune.json
122 silly gunzTarPerm extractEntry templates/json/help-register.json
123 silly gunzTarPerm extractEntry templates/json/help-search.json
124 silly gunzTarPerm extractEntry templates/json/help-uninstall.json
125 silly gunzTarPerm extractEntry templates/json/help-update.json
126 silly gunzTarPerm extractEntry templates/json/help.json
127 silly gunzTarPerm extractEntry templates/std/conflict-resolved.std
128 silly gunzTarPerm extractEntry templates/std/conflict.std
129 silly gunzTarPerm extractEntry templates/std/help-cache.std
130 silly gunzTarPerm extractEntry templates/std/help-generic.std
131 silly gunzTarPerm extractEntry templates/std/help.std
132 silly gunzTarPerm extractEntry templates/std/info.std
133 silly gunzTarPerm extractEntry templates/std/lookup.std
134 silly gunzTarPerm extractEntry templates/std/register.std
135 silly gunzTarPerm extractEntry templates/std/search-results.std
136 silly gunzTarPerm extractEntry templates/std/update-notice.std
137 silly gunzTarPerm extractEntry test/packages.js
138 silly gunzTarPerm extractEntry test/test.js
139 silly gunzTarPerm extractEntry test/assets/package-tar.tar.gz
140 silly gunzTarPerm extractEntry test/assets/package-zip-folder-single-file.zip
141 silly gunzTarPerm extractEntry test/assets/package-zip-folder.zip
142 silly gunzTarPerm extractEntry test/assets/package-zip-single-bower-json.zip
143 silly gunzTarPerm extractEntry test/assets/package-zip-single-component-json.zip
144 silly gunzTarPerm extractEntry test/assets/package-zip-single-file.zip
145 silly gunzTarPerm extractEntry test/assets/package-zip.zip
146 silly gunzTarPerm extractEntry test/assets/resolve-cache/list-json-1.json
147 silly gunzTarPerm extractEntry test/assets/test-temp-dir/test-exception.js
148 silly gunzTarPerm extractEntry test/assets/test-temp-dir/test.js
149 silly gunzTarPerm extractEntry test/core/packageRepository.js
150 silly gunzTarPerm extractEntry test/core/resolveCache.js
151 silly gunzTarPerm extractEntry test/core/resolverFactory.js
152 silly gunzTarPerm extractEntry test/core/resolvers/fsResolver.js
153 silly gunzTarPerm extractEntry test/core/resolvers/gitFsResolver.js
154 silly gunzTarPerm extractEntry test/core/resolvers/gitHubResolver.js
155 silly gunzTarPerm extractEntry test/core/resolvers/gitRemoteResolver.js
156 silly gunzTarPerm extractEntry test/core/resolvers/gitResolver.js
157 silly gunzTarPerm extractEntry test/core/resolvers/resolver.js
158 silly gunzTarPerm extractEntry test/core/resolvers/urlResolver.js
159 silly gunzTarPerm extractEntry test/packages.json
160 verbose read json /var/folders/gl/byd4r3v55c18dgzbxhrfhxkdydgsml/T/npm-3622/1378319996397-0.04046661616303027/package/package.json
161 silly lockFile d15484bb-6397-0-04046661616303027-package /var/folders/gl/byd4r3v55c18dgzbxhrfhxkdydgsml/T/npm-3622/1378319996397-0.04046661616303027/package
162 silly lockFile d15484bb-6397-0-04046661616303027-package /var/folders/gl/byd4r3v55c18dgzbxhrfhxkdydgsml/T/npm-3622/1378319996397-0.04046661616303027/package
163 silly lockFile a726ce93-6397-0-04046661616303027-tmp-tgz /var/folders/gl/byd4r3v55c18dgzbxhrfhxkdydgsml/T/npm-3622/1378319996397-0.04046661616303027/tmp.tgz
164 silly lockFile a726ce93-6397-0-04046661616303027-tmp-tgz /var/folders/gl/byd4r3v55c18dgzbxhrfhxkdydgsml/T/npm-3622/1378319996397-0.04046661616303027/tmp.tgz
165 verbose from cache /var/folders/gl/byd4r3v55c18dgzbxhrfhxkdydgsml/T/npm-3622/1378319996397-0.04046661616303027/package/package.json
166 verbose tar pack [ '/Users/rrv439/.npm/bower/1.2.6/package.tgz',
166 verbose tar pack   '/var/folders/gl/byd4r3v55c18dgzbxhrfhxkdydgsml/T/npm-3622/1378319996397-0.04046661616303027/package' ]
167 verbose tarball /Users/rrv439/.npm/bower/1.2.6/package.tgz
168 verbose folder /var/folders/gl/byd4r3v55c18dgzbxhrfhxkdydgsml/T/npm-3622/1378319996397-0.04046661616303027/package
169 silly lockFile d15484bb-6397-0-04046661616303027-package /var/folders/gl/byd4r3v55c18dgzbxhrfhxkdydgsml/T/npm-3622/1378319996397-0.04046661616303027/package
170 verbose lock /var/folders/gl/byd4r3v55c18dgzbxhrfhxkdydgsml/T/npm-3622/1378319996397-0.04046661616303027/package /Users/rrv439/.npm/d15484bb-6397-0-04046661616303027-package.lock
171 silly lockFile 1a3914c5-v439-npm-bower-1-2-6-package-tgz /Users/rrv439/.npm/bower/1.2.6/package.tgz
172 verbose lock /Users/rrv439/.npm/bower/1.2.6/package.tgz /Users/rrv439/.npm/1a3914c5-v439-npm-bower-1-2-6-package-tgz.lock
173 silly lockFile d15484bb-6397-0-04046661616303027-package /var/folders/gl/byd4r3v55c18dgzbxhrfhxkdydgsml/T/npm-3622/1378319996397-0.04046661616303027/package
174 silly lockFile d15484bb-6397-0-04046661616303027-package /var/folders/gl/byd4r3v55c18dgzbxhrfhxkdydgsml/T/npm-3622/1378319996397-0.04046661616303027/package
175 silly lockFile 1a3914c5-v439-npm-bower-1-2-6-package-tgz /Users/rrv439/.npm/bower/1.2.6/package.tgz
176 silly lockFile 1a3914c5-v439-npm-bower-1-2-6-package-tgz /Users/rrv439/.npm/bower/1.2.6/package.tgz
177 silly lockFile ec2f7728-s-rrv439-npm-bower-1-2-6-package /Users/rrv439/.npm/bower/1.2.6/package
178 verbose lock /Users/rrv439/.npm/bower/1.2.6/package /Users/rrv439/.npm/ec2f7728-s-rrv439-npm-bower-1-2-6-package.lock
179 silly lockFile ec2f7728-s-rrv439-npm-bower-1-2-6-package /Users/rrv439/.npm/bower/1.2.6/package
180 silly lockFile ec2f7728-s-rrv439-npm-bower-1-2-6-package /Users/rrv439/.npm/bower/1.2.6/package
181 verbose tar unpack /Users/rrv439/.npm/bower/1.2.6/package.tgz
182 silly lockFile ec2f7728-s-rrv439-npm-bower-1-2-6-package /Users/rrv439/.npm/bower/1.2.6/package
183 verbose lock /Users/rrv439/.npm/bower/1.2.6/package /Users/rrv439/.npm/ec2f7728-s-rrv439-npm-bower-1-2-6-package.lock
184 silly lockFile 1a3914c5-v439-npm-bower-1-2-6-package-tgz /Users/rrv439/.npm/bower/1.2.6/package.tgz
185 verbose lock /Users/rrv439/.npm/bower/1.2.6/package.tgz /Users/rrv439/.npm/1a3914c5-v439-npm-bower-1-2-6-package-tgz.lock
186 silly gunzTarPerm modes [ '755', '644' ]
187 silly gunzTarPerm extractEntry package.json
188 silly gunzTarPerm extractEntry .npmignore
189 silly gunzTarPerm extractEntry README.md
190 silly gunzTarPerm extractEntry LICENSE
191 silly gunzTarPerm extractEntry Gruntfile.js
192 silly gunzTarPerm extractEntry CONTRIBUTING.md
193 silly gunzTarPerm extractEntry .editorconfig
194 silly gunzTarPerm extractEntry .jshintrc
195 silly gunzTarPerm extractEntry .travis.yml
196 silly gunzTarPerm extractEntry bin/bower
197 silly gunzTarPerm extractEntry lib/config.js
198 silly gunzTarPerm extractEntry lib/index.js
199 silly gunzTarPerm extractEntry lib/commands/update.js
200 silly gunzTarPerm extractEntry lib/commands/index.js
201 silly gunzTarPerm extractEntry lib/commands/info.js
202 silly gunzTarPerm extractEntry lib/commands/init.js
203 silly gunzTarPerm extractEntry lib/commands/install.js
204 silly gunzTarPerm extractEntry lib/commands/home.js
205 silly gunzTarPerm extractEntry lib/commands/list.js
206 silly gunzTarPerm extractEntry lib/commands/lookup.js
207 silly gunzTarPerm extractEntry lib/commands/prune.js
208 silly gunzTarPerm extractEntry lib/commands/register.js
209 silly gunzTarPerm extractEntry lib/commands/search.js
210 silly gunzTarPerm extractEntry lib/commands/help.js
211 silly gunzTarPerm extractEntry lib/commands/uninstall.js
212 silly gunzTarPerm extractEntry lib/commands/completion.js
213 silly gunzTarPerm extractEntry lib/commands/link.js
214 silly gunzTarPerm extractEntry lib/commands/cache/clean.js
215 silly gunzTarPerm extractEntry lib/commands/cache/index.js
216 silly gunzTarPerm extractEntry lib/commands/cache/list.js
217 silly gunzTarPerm extractEntry lib/core/Manager.js
218 silly gunzTarPerm extractEntry lib/core/PackageRepository.js
219 silly gunzTarPerm extractEntry lib/core/Project.js
220 silly gunzTarPerm extractEntry lib/core/ResolveCache.js
221 silly gunzTarPerm extractEntry lib/core/resolverFactory.js
222 silly gunzTarPerm extractEntry lib/core/resolvers/FsResolver.js
223 silly gunzTarPerm extractEntry lib/core/resolvers/GitFsResolver.js
224 silly gunzTarPerm extractEntry lib/core/resolvers/GitHubResolver.js
225 silly gunzTarPerm extractEntry lib/core/resolvers/GitRemoteResolver.js
226 silly gunzTarPerm extractEntry lib/core/resolvers/GitResolver.js
227 silly gunzTarPerm extractEntry lib/core/resolvers/Resolver.js
228 silly gunzTarPerm extractEntry lib/core/resolvers/UrlResolver.js
229 silly gunzTarPerm extractEntry lib/core/resolvers/index.js
230 silly gunzTarPerm extractEntry lib/renderers/JsonRenderer.js
231 silly gunzTarPerm extractEntry lib/renderers/StandardRenderer.js
232 silly gunzTarPerm extractEntry lib/renderers/index.js
233 silly gunzTarPerm extractEntry lib/util/cli.js
234 silly gunzTarPerm extractEntry lib/util/createError.js
235 silly gunzTarPerm extractEntry lib/util/createLink.js
236 silly gunzTarPerm extractEntry lib/util/download.js
237 silly gunzTarPerm extractEntry lib/util/extract.js
238 silly gunzTarPerm extractEntry lib/util/copy.js
239 silly gunzTarPerm extractEntry lib/util/readJson.js
240 silly gunzTarPerm extractEntry lib/util/removeIgnores.js
241 silly gunzTarPerm extractEntry lib/util/rootCheck.js
242 silly gunzTarPerm extractEntry lib/util/semver.js
243 silly gunzTarPerm extractEntry lib/util/template.js
244 silly gunzTarPerm extractEntry lib/util/cmd.js
245 silly gunzTarPerm extractEntry lib/util/validLink.js
246 silly gunzTarPerm extractEntry lib/util/md5.js
247 silly gunzTarPerm extractEntry CHANGELOG.md
248 silly gunzTarPerm extractEntry templates/helpers/colors.js
249 silly gunzTarPerm extractEntry templates/helpers/condense.js
250 silly gunzTarPerm extractEntry templates/helpers/indent.js
251 silly gunzTarPerm extractEntry templates/helpers/index.js
252 silly gunzTarPerm extractEntry templates/helpers/rpad.js
253 silly gunzTarPerm extractEntry templates/helpers/sum.js
254 silly gunzTarPerm extractEntry templates/json/help-list.json
255 silly gunzTarPerm extractEntry templates/json/help-cache/clean.json
256 silly gunzTarPerm extractEntry templates/json/help-cache/list.json
257 silly gunzTarPerm extractEntry templates/json/help-home.json
258 silly gunzTarPerm extractEntry templates/json/help-info.json
259 silly gunzTarPerm extractEntry templates/json/help-init.json
260 silly gunzTarPerm extractEntry templates/json/help-install.json
261 silly gunzTarPerm extractEntry templates/json/help-link.json
262 silly gunzTarPerm extractEntry templates/json/help-cache.json
263 silly gunzTarPerm extractEntry templates/json/help-lookup.json
264 silly gunzTarPerm extractEntry templates/json/help-prune.json
265 silly gunzTarPerm extractEntry templates/json/help-register.json
266 silly gunzTarPerm extractEntry templates/json/help-search.json
267 silly gunzTarPerm extractEntry templates/json/help-uninstall.json
268 silly gunzTarPerm extractEntry templates/json/help-update.json
269 silly gunzTarPerm extractEntry templates/json/help.json
270 silly gunzTarPerm extractEntry templates/std/conflict-resolved.std
271 silly gunzTarPerm extractEntry templates/std/conflict.std
272 silly gunzTarPerm extractEntry templates/std/help-cache.std
273 silly gunzTarPerm extractEntry templates/std/help-generic.std
274 silly gunzTarPerm extractEntry templates/std/help.std
275 silly gunzTarPerm extractEntry templates/std/info.std
276 silly gunzTarPerm extractEntry templates/std/lookup.std
277 silly gunzTarPerm extractEntry templates/std/register.std
278 silly gunzTarPerm extractEntry templates/std/search-results.std
279 silly gunzTarPerm extractEntry templates/std/update-notice.std
280 silly gunzTarPerm extractEntry test/packages.js
281 silly gunzTarPerm extractEntry test/test.js
282 silly gunzTarPerm extractEntry test/assets/package-tar.tar.gz
283 silly gunzTarPerm extractEntry test/assets/package-zip-folder-single-file.zip
284 silly gunzTarPerm extractEntry test/assets/package-zip-folder.zip
285 silly gunzTarPerm extractEntry test/assets/package-zip-single-bower-json.zip
286 silly gunzTarPerm extractEntry test/assets/package-zip-single-component-json.zip
287 silly gunzTarPerm extractEntry test/assets/package-zip-single-file.zip
288 silly gunzTarPerm extractEntry test/assets/package-zip.zip
289 silly gunzTarPerm extractEntry test/assets/resolve-cache/list-json-1.json
290 silly gunzTarPerm extractEntry test/assets/test-temp-dir/test-exception.js
291 silly gunzTarPerm extractEntry test/assets/test-temp-dir/test.js
292 silly gunzTarPerm extractEntry test/core/packageRepository.js
293 silly gunzTarPerm extractEntry test/core/resolveCache.js
294 silly gunzTarPerm extractEntry test/core/resolverFactory.js
295 silly gunzTarPerm extractEntry test/core/resolvers/fsResolver.js
296 silly gunzTarPerm extractEntry test/core/resolvers/gitFsResolver.js
297 silly gunzTarPerm extractEntry test/core/resolvers/gitHubResolver.js
298 silly gunzTarPerm extractEntry test/core/resolvers/gitRemoteResolver.js
299 silly gunzTarPerm extractEntry test/core/resolvers/gitResolver.js
300 silly gunzTarPerm extractEntry test/core/resolvers/resolver.js
301 silly gunzTarPerm extractEntry test/core/resolvers/urlResolver.js
302 silly gunzTarPerm extractEntry test/packages.json
303 verbose read json /Users/rrv439/.npm/bower/1.2.6/package/package.json
304 silly lockFile ec2f7728-s-rrv439-npm-bower-1-2-6-package /Users/rrv439/.npm/bower/1.2.6/package
305 silly lockFile ec2f7728-s-rrv439-npm-bower-1-2-6-package /Users/rrv439/.npm/bower/1.2.6/package
306 silly lockFile 1a3914c5-v439-npm-bower-1-2-6-package-tgz /Users/rrv439/.npm/bower/1.2.6/package.tgz
307 silly lockFile 1a3914c5-v439-npm-bower-1-2-6-package-tgz /Users/rrv439/.npm/bower/1.2.6/package.tgz
308 verbose from cache /Users/rrv439/.npm/bower/1.2.6/package/package.json
309 verbose chmod /Users/rrv439/.npm/bower/1.2.6/package.tgz 644
310 verbose chown /Users/rrv439/.npm/bower/1.2.6/package.tgz [ 2094524051, 475913722 ]
311 silly lockFile 6ada2e9f--npmjs-org-bower-bower-1-2-6-tgz https://registry.npmjs.org/bower/-/bower-1.2.6.tgz
312 silly lockFile 6ada2e9f--npmjs-org-bower-bower-1-2-6-tgz https://registry.npmjs.org/bower/-/bower-1.2.6.tgz
313 silly lockFile 0ffe99e1-bower-1-2-6 bower@1.2.6
314 silly lockFile 0ffe99e1-bower-1-2-6 bower@1.2.6
315 silly lockFile 1240aab1-bower bower@
316 silly lockFile 1240aab1-bower bower@
317 silly resolved [ { name: 'bower',
317 silly resolved     version: '1.2.6',
317 silly resolved     description: 'The browser package manager.',
317 silly resolved     author: { name: 'Twitter' },
317 silly resolved     licenses: [ [Object] ],
317 silly resolved     repository: { type: 'git', url: 'git://github.com/bower/bower.git' },
317 silly resolved     main: 'lib',
317 silly resolved     homepage: 'http://bower.io',
317 silly resolved     engines: { node: '>=0.8.0' },
317 silly resolved     dependencies:
317 silly resolved      { abbrev: '~1.0.4',
317 silly resolved        archy: '0.0.2',
317 silly resolved        'bower-config': '~0.5.0',
317 silly resolved        'bower-endpoint-parser': '~0.2.0',
317 silly resolved        'bower-json': '~0.4.0',
317 silly resolved        'bower-logger': '~0.2.1',
317 silly resolved        'bower-registry-client': '~0.1.4',
317 silly resolved        cardinal: '~0.4.0',
317 silly resolved        chalk: '~0.2.0',
317 silly resolved        chmodr: '~0.1.0',
317 silly resolved        fstream: '~0.1.22',
317 silly resolved        'fstream-ignore': '~0.0.6',
317 silly resolved        glob: '~3.2.1',
317 silly resolved        'graceful-fs': '~2.0.0',
317 silly resolved        handlebars: '~1.0.11',
317 silly resolved        inquirer: '~0.3.0',
317 silly resolved        junk: '~0.2.0',
317 silly resolved        mkdirp: '~0.3.5',
317 silly resolved        mout: '~0.6.0',
317 silly resolved        nopt: '~2.1.1',
317 silly resolved        'lru-cache': '~2.3.0',
317 silly resolved        open: '~0.0.3',
317 silly resolved        osenv: '0.0.3',
317 silly resolved        promptly: '~0.2.0',
317 silly resolved        q: '~0.9.2',
317 silly resolved        request: '~2.27.0',
317 silly resolved        'request-progress': '~0.3.0',
317 silly resolved        retry: '~0.6.0',
317 silly resolved        rimraf: '~2.2.0',
317 silly resolved        semver: '~2.1.0',
317 silly resolved        'stringify-object': '~0.1.4',
317 silly resolved        'sudo-block': '~0.2.0',
317 silly resolved        tar: '~0.1.17',
317 silly resolved        tmp: '~0.0.20',
317 silly resolved        unzip: '~0.1.7',
317 silly resolved        'update-notifier': '~0.1.3',
317 silly resolved        which: '~1.0.5' },
317 silly resolved     devDependencies:
317 silly resolved      { 'expect.js': '~0.2.0',
317 silly resolved        grunt: '~0.4.1',
317 silly resolved        'grunt-simple-mocha': '~0.4.0',
317 silly resolved        'grunt-contrib-watch': '~0.5.0',
317 silly resolved        'grunt-contrib-jshint': '~0.6.0',
317 silly resolved        'grunt-exec': '~0.4.2',
317 silly resolved        mocha: '~1.12.0',
317 silly resolved        nock: '~0.22.0',
317 silly resolved        istanbul: '~0.1.42',
317 silly resolved        proxyquire: '~0.5.0' },
317 silly resolved     scripts: { test: 'grunt test' },
317 silly resolved     bin: { bower: 'bin/bower' },
317 silly resolved     preferGlobal: true,
317 silly resolved     readme: '# BOWER [![Build Status](https://secure.travis-ci.org/bower/bower.png?branch=master)](http://travis-ci.org/bower/bower)\n\nBower is a package manager for the web. It offers a generic, unopinionated\nsolution to the problem of **front-end package management**, while exposing the\npackage dependency model via an API that can be consumed by a more opinionated\nbuild stack. There are no system wide dependencies, no dependencies are shared\nbetween different apps, and the dependency tree is flat.\n\nBower runs over Git, and is package-agnostic. A packaged component can be made\nup of any type of asset, and use any type of transport (e.g., AMD, CommonJS,\netc.).\n\n[View all packages available through Bower\'s registry](http://sindresorhus.com/bower-components/).\n\n\n## Installing Bower\n\nBower depends on [Node](http://nodejs.org/) and [npm](http://npmjs.org/). It\'s\ninstalled globally using npm:\n\n```\nnpm install -g bower\n```\n\nAlso make sure that [git](http://git-scm.com/) is installed as some bower\npackages require it to be fetched and installed.\n\n\n## Usage\n\nMuch more information is available via `bower help` once it\'s installed. This\nis just enough to get you started.\n\n#### Warning\n\nOn `prezto` or `oh-my-zsh`, do not forget to `alias bower=\'noglob bower\'` or `bower install jquery\\#1.9.1`\n\n#### Running commands with sudo\n\nBower is a user command, there is no need to execute it with superuser permissions.\nHowever, if you still want to run commands with sudo, use `--allow-root` option.\n\n### Installing packages and dependencies\n\nBower offers several ways to install packages:\n\n```\n# Using the dependencies listed in the current directory\'s bower.json\nbower install\n# Using a local or remote package\nbower install <package>\n# Using a specific version of a package\nbower install <package>#<version>\n# Using a different name and a specific version of a package\nbower install <name>=<package>#<version>\n```\n\nWhere `<package>` can be any one of the following:\n\n* A name that maps to a package registered with Bower, e.g, `jquery`. ‡\n* A remote Git endpoint, e.g., `git://github.com/someone/some-package.git`. Can be\n  public or private. ‡\n* A local endpoint, i.e., a folder that\'s a Git repository. ‡\n* A shorthand endpoint, e.g., `someone/some-package` (defaults to GitHub). ‡\n* A URL to a file, including `zip` and `tar` files. Its contents will be\n  extracted.\n\n‡ These types of `<package>` might have versions available. You can specify a\n[semver](http://semver.org/) compatible version to fetch a specific release, and lock the\npackage to that version. You can also use ranges to specify a range of versions.\n\nAll package contents are installed in the `bower_components` directory by default.\nYou should **never** directly modify the contents of this directory.\n\nUsing `bower list` will show all the packages that are installed locally.\n\n**N.B.** If you aren\'t authoring a package that is intended to be consumed by\nothers (e.g., you\'re building a web app), you should always check installed\npackages into source control.\n\n### Finding packages\n\nTo search for packages registered with Bower:\n\n```\nbower search [<name>]\n```\n\nUsing just `bower search` will list all packages in the registry.\n\n### Using packages\n\nThe easiest approach is to use Bower statically, just reference the package\'s\ninstalled components manually using a `script` tag:\n\n```html\n<script src="/bower_components/jquery/index.js"></script>\n```\n\nFor more complex projects, you\'ll probably want to concatenate your scripts or\nuse a module loader. Bower is just a package manager, but there are plenty of\nother tools -- such as [Sprockets](https://github.com/sstephenson/sprockets)\nand [RequireJS](http://requirejs.org/) -- that will help you do this.\n\n### Registering packages\n\nTo register a new package:\n\n* There **must** be a valid manifest JSON in the current working directory.\n* Your package should use [semver](http://semver.org/) Git tags.\n* Your package **must** be available at a Git endpoint (e.g., GitHub); remember\n  to push your Git tags!\n\nThen use the following command:\n\n```\nbower register <my-package-name> <git-endpoint>\n```\n\nThe Bower registry does not have authentication or user management at this point\nin time. It\'s on a first come, first served basis. Think of it like a URL\nshortener. Now anyone can run `bower install <my-package-name>`, and get your\nlibrary installed.\n\nThere is no direct way to unregister a package yet. For now, you can [request a\npackage be unregistered](https://github.com/bower/bower/issues/120).\n\n### Uninstalling packages\n\nTo uninstall a locally installed package:\n\n```\nbower uninstall <package-name>\n```\n\n\n## Configuration\n\nBower can be configured using JSON in a `.bowerrc` file.\n\nThe current spec can be read\n[here](https://docs.google.com/document/d/1APq7oA9tNao1UYWyOm8dKqlRP2blVkROYLZ2fLIjtWc/edit#heading=h.4pzytc1f9j8k)\nin the `Configuration` section.\n\n\n## Defining a package\n\nYou must create a `bower.json` in your project\'s root, and specify all of its\ndependencies. This is similar to Node\'s `package.json`, or Ruby\'s `Gemfile`,\nand is useful for locking down a project\'s dependencies.\n\n*NOTE:* In versions of Bower before 0.9.0 the package metadata file was called\n`component.json` rather than `bower.json`. This has changed to avoid a name\nclash with another tool. You can still use `component.json` for now but it is\ndeprecated and the automatic fallback is likely to be removed in an upcoming\nrelease.\n\nYou can interactively create a `bower.json` with the following command:\n\n```\nbower init\n```\n\nThe `bower.json` defines several options:\n\n* `name` (required): The name of your package.\n* `version`: A semantic version number (see [semver](http://semver.org/)).\n* `main` [string|array]: The primary endpoints of your package.\n* `ignore` [array]: An array of paths not needed in production that you want\n  Bower to ignore when installing your package.\n* `dependencies` [hash]: Packages your package depends upon in production.\n* `devDependencies` [hash]: Development dependencies.\n* `private` [boolean]: Set to true if you want to keep the package private and \n  do not want to register the package in future.\n\n```json\n{\n  "name": "my-project",\n  "version": "1.0.0",\n  "main": "path/to/main.css",\n  "ignore": [\n    ".jshintrc",\n    "**/*.txt"\n  ],\n  "dependencies": {\n    "<name>": "<version>",\n    "<name>": "<folder>",\n    "<name>": "<package>"\n  },\n  "devDependencies": {\n    "<test-framework-name>": "<version>"\n  }\n}\n```\n\n\n## Consuming a package\n\nBower also makes available a source mapping. This can be used by build tools to\neasily consume Bower packages.\n\nIf you pass the `--paths` option to Bower\'s `list` command, you will get a\nsimple path-to-name mapping:\n\n```json\n{\n  "backbone": "bower_components/backbone/index.js",\n  "jquery": "bower_components/jquery/index.js",\n  "underscore": "bower_components/underscore/index.js"\n}\n```\n\nAlternatively, every command supports the `--json` option that makes bower\noutput JSON. Command result is outputted to `stdout` and error/logs to\n`stderr`.\n\n\n## Programmatic API\n\nBower provides a powerful, programmatic API. All commands can be accessed\nthrough the `bower.commands` object.\n\n```js\nvar bower = require(\'bower\');\n\nbower.commands\n.install([\'jquery\'], { save: true }, { /* custom config */ })\n.on(\'end\', function (installed) {\n    console.log(installed);\n});\n\nbower.commands\n.search(\'jquery\', {})\n.on(\'end\', function (results) {\n    console.log(results);\n});\n```\n\nCommands emit four types of events: `log`, `prompt`, `end`, `error`.\n\n* `log` is emitted to report the state/progress of the command.\n* `prompt` is emitted whenever the user needs to be prompted.\n* `error` will only be emitted if something goes wrong.\n* `end` is emitted when the command successfully ends.\n\nFor a better of idea how this works, you may want to check out [our bin\nfile](https://github.com/bower/bower/blob/master/bin/bower).\n\nWhen using bower programmatically, prompting is disabled by default. Though you can enable it when calling commands with `interactive: true` in the config.\nThis requires you to listen for the `prompt` event and handle the prompting yourself. The easiest way is to use the [inquirer](https://npmjs.org/package/inquirer) npm module like so:\n\n```js\nvar inquirer =  require(\'inquirer\');\n\nbower.commands\n.install([\'jquery\'], { save: true }, { interactive: true })\n// ..\n.on(\'prompt\', function (prompts, callback) {\n    inquirer.prompt(prompts, callback);\n});\n```\n\n\n## Completion (experimental)\n\n_NOTE_: Completion is still not implemented for the 1.0.0 release\n\nBower now has an experimental `completion` command that is based on, and works\nsimilarly to the [npm completion](https://npmjs.org/doc/completion.html). It is\nnot available for Windows users.\n\nThis command will output a Bash / ZSH script to put into your `~/.bashrc`,\n`~/.bash_profile`, or `~/.zshrc` file.\n\n```\nbower completion >> ~/.bash_profile\n```\n\n\n## A note for Windows users\n\nTo use Bower on Windows, you must install\n[msysgit](http://code.google.com/p/msysgit/) correctly. Be sure to check the\noption shown below:\n\n![msysgit](http://f.cl.ly/items/2V2O3i1p3R2F1r2v0a12/mysgit.png)\n\nNote that if you use TortoiseGit and if Bower keeps asking for your SSH\npassword, you should add the following environment variable: `GIT_SSH -\nC:\\Program Files\\TortoiseGit\\bin\\TortoisePlink.exe`. Adjust the `TortoisePlink`\npath if needed.\n\n\n## Contact\n\nHave a question?\n\n* [StackOverflow](http://stackoverflow.com/questions/tagged/bower)\n* [Mailinglist](http://groups.google.com/group/twitter-bower) - twitter-bower@googlegroups.com\n* [\\#bower](http://webchat.freenode.net/?channels=bower) on Freenode\n\n\n## Contributing to this project\n\nAnyone and everyone is welcome to contribute. Please take a moment to\nreview the [guidelines for contributing](CONTRIBUTING.md).\n\n* [Bug reports](CONTRIBUTING.md#bugs)\n* [Feature requests](CONTRIBUTING.md#features)\n* [Pull requests](CONTRIBUTING.md#pull-requests)\n\n\n## Authors\n\n* [@fat](https://github.com/fat)\n* [@maccman](https://github.com/maccman)\n* [@satazor](https://github.com/satazor)\n\nThanks for assistance and contributions:\n\n[@addyosmani](https://github.com/addyosmani),\n[@angus-c](https://github.com/angus-c),\n[@borismus](https://github.com/borismus),\n[@carsonmcdonald](https://github.com/carsonmcdonald),\n[@chriseppstein](https://github.com/chriseppstein),\n[@danwrong](https://github.com/danwrong),\n[@davidmaxwaterman](https://github.com/davidmaxwaterman),\n[@desandro](https://github.com/desandro),\n[@hemanth](https://github.com/hemanth),\n[@isaacs](https://github.com/isaacs),\n[@josh](https://github.com/josh),\n[@jrburke](https://github.com/jrburke),\n[@marcelombc](https://github.com/marcelombc),\n[@marcooliveira](https://github.com/marcooliveira),\n[@mklabs](https://github.com/mklabs),\n[@MrDHat](https://github.com/MrDHat),\n[@necolas](https://github.com/necolas),\n[@paulirish](https://github.com/paulirish),\n[@richo](https://github.com/richo),\n[@rvagg](https://github.com/rvagg),\n[@sindresorhus](https://github.com/sindresorhus),\n[@SlexAxton](https://github.com/SlexAxton),\n[@sstephenson](https://github.com/sstephenson),\n[@svnlto](https://github.com/svnlto),\n[@tomdale](https://github.com/tomdale),\n[@uzquiano](https://github.com/uzquiano),\n[@visionmedia](https://github.com/visionmedia),\n[@wagenet](https://github.com/wagenet),\n[@wibblymat](https://github.com/wibblymat),\n[@wycats](https://github.com/wycats)\n\n\n## License\n\nCopyright 2012 Twitter, Inc.\n\nLicensed under the MIT License\n',
317 silly resolved     readmeFilename: 'README.md',
317 silly resolved     bugs: { url: 'https://github.com/bower/bower/issues' },
317 silly resolved     _id: 'bower@1.2.6',
317 silly resolved     dist: { shasum: '4637217919c19b0d001e114c80661146ae4efc43' },
317 silly resolved     _from: 'bower@',
317 silly resolved     _resolved: 'https://registry.npmjs.org/bower/-/bower-1.2.6.tgz' } ]
318 info install bower@1.2.6 into /usr/local/lib
319 info installOne bower@1.2.6
320 verbose from cache /Users/rrv439/.npm/bower/1.2.6/package/package.json
321 info /usr/local/lib/node_modules/bower unbuild
322 verbose read json /usr/local/lib/node_modules/bower/package.json
323 verbose tar unpack /Users/rrv439/.npm/bower/1.2.6/package.tgz
324 silly lockFile e8debc54-usr-local-lib-node-modules-bower /usr/local/lib/node_modules/bower
325 verbose lock /usr/local/lib/node_modules/bower /Users/rrv439/.npm/e8debc54-usr-local-lib-node-modules-bower.lock
326 silly lockFile 1a3914c5-v439-npm-bower-1-2-6-package-tgz /Users/rrv439/.npm/bower/1.2.6/package.tgz
327 verbose lock /Users/rrv439/.npm/bower/1.2.6/package.tgz /Users/rrv439/.npm/1a3914c5-v439-npm-bower-1-2-6-package-tgz.lock
328 silly gunzTarPerm modes [ '755', '644' ]
329 error Error: EACCES, mkdir '/usr/local/lib/node_modules/bower'
329 error  { [Error: EACCES, mkdir '/usr/local/lib/node_modules/bower']
329 error   errno: 3,
329 error   code: 'EACCES',
329 error   path: '/usr/local/lib/node_modules/bower',
329 error   fstream_type: 'Directory',
329 error   fstream_path: '/usr/local/lib/node_modules/bower',
329 error   fstream_class: 'DirWriter',
329 error   fstream_stack:
329 error    [ '/usr/local/lib/node_modules/npm/node_modules/fstream/lib/dir-writer.js:36:23',
329 error      '/usr/local/lib/node_modules/npm/node_modules/mkdirp/index.js:37:53',
329 error      'Object.oncomplete (fs.js:107:15)' ] }
330 error Please try running this command again as root/Administrator.
331 error System Darwin 12.4.0
332 error command "node" "/usr/local/bin/npm" "install" "-g" "bower"
333 error cwd /Users/rrv439/Documents/Mobile-iLab/app
334 error node -v v0.10.7
335 error npm -v 1.2.21
336 error path /usr/local/lib/node_modules/bower
337 error fstream_path /usr/local/lib/node_modules/bower
338 error fstream_type Directory
339 error fstream_class DirWriter
340 error code EACCES
341 error errno 3
342 error stack Error: EACCES, mkdir '/usr/local/lib/node_modules/bower'
343 error fstream_stack /usr/local/lib/node_modules/npm/node_modules/fstream/lib/dir-writer.js:36:23
343 error fstream_stack /usr/local/lib/node_modules/npm/node_modules/mkdirp/index.js:37:53
343 error fstream_stack Object.oncomplete (fs.js:107:15)
344 verbose exit [ 3, true ]
